<?xml version="1.0" encoding="UTF-8"?>
<!-- Generated by org.testng.reporters.JUnitXMLReporter -->
<testsuite ignored="0" hostname="adithautomations-MacBook-Pro.local" failures="0" tests="3" name="Default test" time="0.06" errors="0" timestamp="2022-12-21T21:03:13 IST">
  <testcase classname="MyTests.AnnotationsAllConcept" name="test1" time="0.005"/>
  <testcase classname="MyTests.AnnotationsAllConcept" name="test2" time="0.001"/>
  <testcase classname="MyTests.AnnotationsAllConcept" name="test3" time="0.001"/>
</testsuite> <!-- Default test -->
