<?xml version="1.0" encoding="UTF-8"?>
<!-- Generated by org.testng.reporters.JUnitXMLReporter -->
<testsuite ignored="0" hostname="Adiths-MacBook-Pro-2.local" failures="0" tests="3" name="Default test" time="10.217" errors="0" timestamp="30 Mar 2022 07:21:02 GMT">
  <testcase classname="MyTests.SecondTestCase" name="openApp" time="4.031"/>
  <testcase classname="MyTests.SecondTestCase" name="doLogin" time="5.483"/>
  <testcase classname="MyTests.SecondTestCase" name="closeApp" time="0.671"/>
</testsuite> <!-- Default test -->
