<?xml version="1.0" encoding="UTF-8"?>
<!-- Generated by org.testng.reporters.JUnitXMLReporter -->
<testsuite ignored="0" hostname="adiths-Mac-mini.local" failures="0" tests="9" name="Test" time="0.07" errors="0" timestamp="30 Mar 2022 12:26:19 GMT">
  <testcase classname="MyTests.GroupingTestConcept" name="loginByEmail" time="0.024"/>
  <testcase classname="MyTests.GroupingTestConcept" name="loginByFacebook" time="0.001"/>
  <testcase classname="MyTests.GroupingTestConcept" name="loginByTwitter" time="0.001"/>
  <testcase classname="MyTests.GroupingTestConcept" name="signUpByEmail" time="0.001"/>
  <testcase classname="MyTests.GroupingTestConcept" name="signUpByFacebook" time="0.001"/>
  <testcase classname="MyTests.GroupingTestConcept" name="signUpByTwitter" time="0.001"/>
  <testcase classname="MyTests.GroupingTestConcept" name="payment_In_Rupees" time="0.001"/>
  <testcase classname="MyTests.GroupingTestConcept" name="payment_In_Dollar" time="0.002"/>
  <testcase classname="MyTests.GroupingTestConcept" name="paymentReturnByBank" time="0.001"/>
</testsuite> <!-- Test -->
