<?xml version="1.0" encoding="UTF-8"?>
<testng-results ignored="0" total="3" passed="3" failed="0" skipped="0">
  <reporter-output>
  </reporter-output>
  <suite started-at="2022-03-30T07:20:52Z" name="Default suite" finished-at="2022-03-30T07:21:02Z" duration-ms="10217">
    <groups>
    </groups>
    <test started-at="2022-03-30T07:20:52Z" name="Default test" finished-at="2022-03-30T07:21:02Z" duration-ms="10217">
      <class name="MyTests.SecondTestCase">
        <test-method signature="openApp()[pri:1, instance:MyTests.SecondTestCase@1e730495]" started-at="2022-03-30T07:20:52Z" name="openApp" finished-at="2022-03-30T07:20:56Z" duration-ms="4031" status="PASS">
          <reporter-output>
          </reporter-output>
        </test-method> <!-- openApp -->
        <test-method signature="doLogin()[pri:2, instance:MyTests.SecondTestCase@1e730495]" started-at="2022-03-30T07:20:56Z" name="doLogin" finished-at="2022-03-30T07:21:01Z" duration-ms="5483" status="PASS">
          <reporter-output>
          </reporter-output>
        </test-method> <!-- doLogin -->
        <test-method signature="closeApp()[pri:3, instance:MyTests.SecondTestCase@1e730495]" started-at="2022-03-30T07:21:01Z" name="closeApp" finished-at="2022-03-30T07:21:02Z" duration-ms="671" status="PASS">
          <reporter-output>
          </reporter-output>
        </test-method> <!-- closeApp -->
      </class> <!-- MyTests.SecondTestCase -->
    </test> <!-- Default test -->
  </suite> <!-- Default suite -->
</testng-results>
