<?xml version="1.0" encoding="UTF-8"?>
<!-- Generated by org.testng.reporters.JUnitXMLReporter -->
<testsuite ignored="6" hostname="adiths-Mac-mini.local" failures="0" tests="3" name="grouptest" time="0.053" errors="0" timestamp="30 Mar 2022 12:51:37 GMT">
  <testcase classname="MyTests.GroupingTestConcept" name="signUpByFacebook" time="0.026"/>
  <testcase classname="MyTests.GroupingTestConcept" name="signUpByTwitter" time="0.001"/>
  <testcase classname="MyTests.GroupingTestConcept" name="payment_In_Rupees" time="0.001"/>
  <testcase classname="MyTests.GroupingTestConcept" name="signUpByEmail" time="0.0">
    <ignored/>
  </testcase> <!-- signUpByEmail -->
  <testcase classname="MyTests.GroupingTestConcept" name="loginByFacebook" time="0.0">
    <ignored/>
  </testcase> <!-- loginByFacebook -->
  <testcase classname="MyTests.GroupingTestConcept" name="loginByEmail" time="0.0">
    <ignored/>
  </testcase> <!-- loginByEmail -->
  <testcase classname="MyTests.GroupingTestConcept" name="payment_In_Dollar" time="0.0">
    <ignored/>
  </testcase> <!-- payment_In_Dollar -->
  <testcase classname="MyTests.GroupingTestConcept" name="loginByTwitter" time="0.0">
    <ignored/>
  </testcase> <!-- loginByTwitter -->
  <testcase classname="MyTests.GroupingTestConcept" name="paymentReturnByBank" time="0.0">
    <ignored/>
  </testcase> <!-- paymentReturnByBank -->
</testsuite> <!-- grouptest -->
